This is pdfTeX, Version 3.14159265-2.6-1.40.21 (TeX Live 2020) (preloaded format=pdflatex 2020.4.18)  19 APR 2020 17:08
entering extended mode
 restricted \write18 enabled.
 %&-line parsing enabled.
**Environmental-Correlates-of-COVID19-Spain.tex
(./Environmental-Correlates-of-COVID19-Spain.tex
LaTeX2e <2020-02-02> patch level 5
L3 programming layer <2020-04-06> (./elsarticle.cls
Document Class: elsarticle 2008/05/22, 1.0.1: Elsevier Science
\@bls=\dimen134
(/Users/fernandoair/Library/TinyTeX/texmf-dist/tex/latex/base/article.cls
Document Class: article 2019/12/20 v1.4l Standard LaTeX document class
(/Users/fernandoair/Library/TinyTeX/texmf-dist/tex/latex/base/size10.clo
File: size10.clo 2019/12/20 v1.4l Standard LaTeX file (size option)
)
\c@part=\count167
\c@section=\count168
\c@subsection=\count169
\c@subsubsection=\count170
\c@paragraph=\count171
\c@subparagraph=\count172
\c@figure=\count173
\c@table=\count174
\abovecaptionskip=\skip47
\belowcaptionskip=\skip48
\bibindent=\dimen135
) (/Users/fernandoair/Library/TinyTeX/texmf-dist/tex/latex/graphics/graphicx.st
y
Package: graphicx 2019/11/30 v1.2a Enhanced LaTeX Graphics (DPC,SPQR)
(/Users/fernandoair/Library/TinyTeX/texmf-dist/tex/latex/graphics/keyval.sty
Package: keyval 2014/10/28 v1.15 key=value parser (DPC)
\KV@toks@=\toks15
) (/Users/fernandoair/Library/TinyTeX/texmf-dist/tex/latex/graphics/graphics.st
y
Package: graphics 2019/11/30 v1.4a Standard LaTeX Graphics (DPC,SPQR)
(/Users/fernandoair/Library/TinyTeX/texmf-dist/tex/latex/graphics/trig.sty
Package: trig 2016/01/03 v1.10 sin cos tan (DPC)
)
(/Users/fernandoair/Library/TinyTeX/texmf-dist/tex/latex/graphics-cfg/graphics.
cfg
File: graphics.cfg 2016/06/04 v1.11 sample graphics configuration
)
Package graphics Info: Driver file: pdftex.def on input line 105.

(/Users/fernandoair/Library/TinyTeX/texmf-dist/tex/latex/graphics-def/pdftex.de
f
File: pdftex.def 2018/01/08 v1.0l Graphics/color driver for pdftex
))
\Gin@req@height=\dimen136
\Gin@req@width=\dimen137
) (/Users/fernandoair/Library/TinyTeX/texmf-dist/tex/latex/psnfss/pifont.sty
Package: pifont 2020/03/25 PSNFSS-v9.3 Pi font support (SPQR) 
LaTeX Font Info:    Trying to load font information for U+pzd on input line 63.

(/Users/fernandoair/Library/TinyTeX/texmf-dist/tex/latex/psnfss/upzd.fd
File: upzd.fd 2001/06/04 font definitions for U/pzd.
)
LaTeX Font Info:    Trying to load font information for U+psy on input line 64.

(/Users/fernandoair/Library/TinyTeX/texmf-dist/tex/latex/psnfss/upsy.fd
File: upsy.fd 2001/06/04 font definitions for U/psy.
))
\c@tnote=\count175
\c@fnote=\count176
\c@cnote=\count177
\c@ead=\count178
\c@author=\count179
\@eadauthor=\toks16
\c@affn=\count180
\absbox=\box45
\keybox=\box46
\Columnwidth=\dimen138
\space@left=\dimen139
\els@boxa=\box47
\els@boxb=\box48
\leftMargin=\dimen140
\@enLab=\toks17
\@sep=\skip49
\@@sep=\skip50
(./Environmental-Correlates-of-COVID19-Spain.spl) (/Users/fernandoair/Library/T
inyTeX/texmf-dist/tex/latex/natbib/natbib.sty
Package: natbib 2010/09/13 8.31b (PWD, AO)
\bibhang=\skip51
\bibsep=\skip52
LaTeX Info: Redefining \cite on input line 694.
\c@NAT@ctr=\count181
)
\splwrite=\write3
\openout3 = `Environmental-Correlates-of-COVID19-Spain.spl'.

) (/Users/fernandoair/Library/TinyTeX/texmf-dist/tex/latex/url/url.sty
\Urlmuskip=\muskip16
Package: url 2013/09/16  ver 3.4  Verb mode for urls, etc.
) (/Users/fernandoair/Library/TinyTeX/texmf-dist/tex/latex/lineno/lineno.sty
Package: lineno 2005/11/02 line numbers on paragraphs v4.41
\linenopenalty=\count182
\output=\toks18
\linenoprevgraf=\count183
\linenumbersep=\dimen141
\linenumberwidth=\dimen142
\c@linenumber=\count184
\c@pagewiselinenumber=\count185
\c@LN@truepage=\count186
\c@internallinenumber=\count187
\c@internallinenumbers=\count188
\quotelinenumbersep=\dimen143
\bframerule=\dimen144
\bframesep=\dimen145
\bframebox=\box49
LaTeX Info: Redefining \\ on input line 3056.
) (/Users/fernandoair/Library/TinyTeX/texmf-dist/tex/latex/booktabs/booktabs.st
y
Package: booktabs 2020/01/12 v1.61803398 Publication quality tables
\heavyrulewidth=\dimen146
\lightrulewidth=\dimen147
\cmidrulewidth=\dimen148
\belowrulesep=\dimen149
\belowbottomsep=\dimen150
\aboverulesep=\dimen151
\abovetopsep=\dimen152
\cmidrulesep=\dimen153
\cmidrulekern=\dimen154
\defaultaddspace=\dimen155
\@cmidla=\count189
\@cmidlb=\count190
\@aboverulesep=\dimen156
\@belowrulesep=\dimen157
\@thisruleclass=\count191
\@lastruleclass=\count192
\@thisrulewidth=\dimen158
) (/Users/fernandoair/Library/TinyTeX/texmf-dist/tex/latex/base/fontenc.sty
Package: fontenc 2020/02/11 v2.0o Standard LaTeX package
) (/Users/fernandoair/Library/TinyTeX/texmf-dist/tex/latex/lm/lmodern.sty
Package: lmodern 2009/10/30 v1.6 Latin Modern Fonts
LaTeX Font Info:    Overwriting symbol font `operators' in version `normal'
(Font)                  OT1/cmr/m/n --> OT1/lmr/m/n on input line 22.
LaTeX Font Info:    Overwriting symbol font `letters' in version `normal'
(Font)                  OML/cmm/m/it --> OML/lmm/m/it on input line 23.
LaTeX Font Info:    Overwriting symbol font `symbols' in version `normal'
(Font)                  OMS/cmsy/m/n --> OMS/lmsy/m/n on input line 24.
LaTeX Font Info:    Overwriting symbol font `largesymbols' in version `normal'
(Font)                  OMX/cmex/m/n --> OMX/lmex/m/n on input line 25.
LaTeX Font Info:    Overwriting symbol font `operators' in version `bold'
(Font)                  OT1/cmr/bx/n --> OT1/lmr/bx/n on input line 26.
LaTeX Font Info:    Overwriting symbol font `letters' in version `bold'
(Font)                  OML/cmm/b/it --> OML/lmm/b/it on input line 27.
LaTeX Font Info:    Overwriting symbol font `symbols' in version `bold'
(Font)                  OMS/cmsy/b/n --> OMS/lmsy/b/n on input line 28.
LaTeX Font Info:    Overwriting symbol font `largesymbols' in version `bold'
(Font)                  OMX/cmex/m/n --> OMX/lmex/m/n on input line 29.
LaTeX Font Info:    Overwriting math alphabet `\mathbf' in version `normal'
(Font)                  OT1/cmr/bx/n --> OT1/lmr/bx/n on input line 31.
LaTeX Font Info:    Overwriting math alphabet `\mathsf' in version `normal'
(Font)                  OT1/cmss/m/n --> OT1/lmss/m/n on input line 32.
LaTeX Font Info:    Overwriting math alphabet `\mathit' in version `normal'
(Font)                  OT1/cmr/m/it --> OT1/lmr/m/it on input line 33.
LaTeX Font Info:    Overwriting math alphabet `\mathtt' in version `normal'
(Font)                  OT1/cmtt/m/n --> OT1/lmtt/m/n on input line 34.
LaTeX Font Info:    Overwriting math alphabet `\mathbf' in version `bold'
(Font)                  OT1/cmr/bx/n --> OT1/lmr/bx/n on input line 35.
LaTeX Font Info:    Overwriting math alphabet `\mathsf' in version `bold'
(Font)                  OT1/cmss/bx/n --> OT1/lmss/bx/n on input line 36.
LaTeX Font Info:    Overwriting math alphabet `\mathit' in version `bold'
(Font)                  OT1/cmr/bx/it --> OT1/lmr/bx/it on input line 37.
LaTeX Font Info:    Overwriting math alphabet `\mathtt' in version `bold'
(Font)                  OT1/cmtt/m/n --> OT1/lmtt/m/n on input line 38.
) (/Users/fernandoair/Library/TinyTeX/texmf-dist/tex/latex/amsfonts/amssymb.sty
Package: amssymb 2013/01/14 v3.01 AMS font symbols
(/Users/fernandoair/Library/TinyTeX/texmf-dist/tex/latex/amsfonts/amsfonts.sty
Package: amsfonts 2013/01/14 v3.01 Basic AMSFonts support
\@emptytoks=\toks19
\symAMSa=\mathgroup4
\symAMSb=\mathgroup5
LaTeX Font Info:    Redeclaring math symbol \hbar on input line 98.
LaTeX Font Info:    Overwriting math alphabet `\mathfrak' in version `bold'
(Font)                  U/euf/m/n --> U/euf/b/n on input line 106.
)) (/Users/fernandoair/Library/TinyTeX/texmf-dist/tex/latex/amsmath/amsmath.sty
Package: amsmath 2020/01/20 v2.17e AMS math features
\@mathmargin=\skip53
For additional information on amsmath, use the `?' option.
(/Users/fernandoair/Library/TinyTeX/texmf-dist/tex/latex/amsmath/amstext.sty
Package: amstext 2000/06/29 v2.01 AMS text
(/Users/fernandoair/Library/TinyTeX/texmf-dist/tex/latex/amsmath/amsgen.sty
File: amsgen.sty 1999/11/30 v2.0 generic functions
\@emptytoks=\toks20
\ex@=\dimen159
)) (/Users/fernandoair/Library/TinyTeX/texmf-dist/tex/latex/amsmath/amsbsy.sty
Package: amsbsy 1999/11/29 v1.2d Bold Symbols
\pmbraise@=\dimen160
) (/Users/fernandoair/Library/TinyTeX/texmf-dist/tex/latex/amsmath/amsopn.sty
Package: amsopn 2016/03/08 v2.02 operator names
)
\inf@bad=\count193
LaTeX Info: Redefining \frac on input line 227.
\uproot@=\count194
\leftroot@=\count195
LaTeX Info: Redefining \overline on input line 389.
\classnum@=\count196
\DOTSCASE@=\count197
LaTeX Info: Redefining \ldots on input line 486.
LaTeX Info: Redefining \dots on input line 489.
LaTeX Info: Redefining \cdots on input line 610.
\Mathstrutbox@=\box50
\strutbox@=\box51
\big@size=\dimen161
LaTeX Font Info:    Redeclaring font encoding OML on input line 733.
LaTeX Font Info:    Redeclaring font encoding OMS on input line 734.
\macc@depth=\count198
\c@MaxMatrixCols=\count199
\dotsspace@=\muskip17
\c@parentequation=\count266
\dspbrk@lvl=\count267
\tag@help=\toks21
\row@=\count268
\column@=\count269
\maxfields@=\count270
\andhelp@=\toks22
\eqnshift@=\dimen162
\alignsep@=\dimen163
\tagshift@=\dimen164
\tagwidth@=\dimen165
\totwidth@=\dimen166
\lineht@=\dimen167
\@envbody=\toks23
\multlinegap=\skip54
\multlinetaggap=\skip55
\mathdisplay@stack=\toks24
LaTeX Info: Redefining \[ on input line 2859.
LaTeX Info: Redefining \] on input line 2860.
) (/Users/fernandoair/Library/TinyTeX/texmf-dist/tex/generic/iftex/ifxetex.sty
Package: ifxetex 2019/10/25 v0.7 ifxetex legacy package. Use iftex instead.
(/Users/fernandoair/Library/TinyTeX/texmf-dist/tex/generic/iftex/iftex.sty
Package: iftex 2020/03/06 v1.0d TeX engine tests
)) (/Users/fernandoair/Library/TinyTeX/texmf-dist/tex/generic/iftex/ifluatex.st
y
Package: ifluatex 2019/10/25 v1.5 ifluatex legacy package. Use iftex instead.
) (/Users/fernandoair/Library/TinyTeX/texmf-dist/tex/latex/base/fixltx2e.sty
Package: fixltx2e 2016/12/29 v2.1a fixes to LaTeX (obsolete)
Applying: [2015/01/01] Old fixltx2e package on input line 46.

Package fixltx2e Warning: fixltx2e is not required with releases after 2015
(fixltx2e)                All fixes are now in the LaTeX kernel.
(fixltx2e)                See the latexrelease package for details.

Already applied: [0000/00/00] Old fixltx2e package on input line 53.
) (/Users/fernandoair/Library/TinyTeX/texmf-dist/tex/latex/upquote/upquote.sty
Package: upquote 2012/04/19 v1.3 upright-quote and grave-accent glyphs in verba
tim
(/Users/fernandoair/Library/TinyTeX/texmf-dist/tex/latex/base/textcomp.sty
Package: textcomp 2020/02/02 v2.0n Standard LaTeX package
)) (/Users/fernandoair/Library/TinyTeX/texmf-dist/tex/latex/base/inputenc.sty
Package: inputenc 2018/08/11 v1.3c Input encoding file
\inpenc@prehook=\toks25
\inpenc@posthook=\toks26
) (/Users/fernandoair/Library/TinyTeX/texmf-dist/tex/latex/graphics/color.sty
Package: color 2019/11/23 v1.2a Standard LaTeX Color (DPC)

(/Users/fernandoair/Library/TinyTeX/texmf-dist/tex/latex/graphics-cfg/color.cfg
File: color.cfg 2016/01/02 v1.6 sample color configuration
)
Package color Info: Driver file: pdftex.def on input line 147.
) (/Users/fernandoair/Library/TinyTeX/texmf-dist/tex/latex/fancyvrb/fancyvrb.st
y
Package: fancyvrb 2020/01/13 v3.5 verbatim text (tvz,hv)
\FV@CodeLineNo=\count271
\FV@InFile=\read2
\FV@TabBox=\box52
\c@FancyVerbLine=\count272
\FV@StepNumber=\count273
\FV@OutFile=\write4
) (/Users/fernandoair/Library/TinyTeX/texmf-dist/tex/latex/framed/framed.sty
Package: framed 2011/10/22 v 0.96: framed or shaded text with page breaks
\OuterFrameSep=\skip56
\fb@frw=\dimen168
\fb@frh=\dimen169
\FrameRule=\dimen170
\FrameSep=\dimen171
) (/Users/fernandoair/Library/TinyTeX/texmf-dist/tex/latex/hyperref/hyperref.st
y
Package: hyperref 2020/01/14 v7.00d Hypertext links for LaTeX
(/Users/fernandoair/Library/TinyTeX/texmf-dist/tex/generic/ltxcmds/ltxcmds.sty
Package: ltxcmds 2019/12/15 v1.24 LaTeX kernel commands for general use (HO)
)
(/Users/fernandoair/Library/TinyTeX/texmf-dist/tex/latex/pdftexcmds/pdftexcmds.
sty
Package: pdftexcmds 2019/11/24 v0.31 Utility functions of pdfTeX for LuaTeX (HO
)

(/Users/fernandoair/Library/TinyTeX/texmf-dist/tex/generic/infwarerr/infwarerr.
sty
Package: infwarerr 2019/12/03 v1.5 Providing info/warning/error messages (HO)
)
Package pdftexcmds Info: \pdf@primitive is available.
Package pdftexcmds Info: \pdf@ifprimitive is available.
Package pdftexcmds Info: \pdfdraftmode found.
)
(/Users/fernandoair/Library/TinyTeX/texmf-dist/tex/generic/kvsetkeys/kvsetkeys.
sty
Package: kvsetkeys 2019/12/15 v1.18 Key value parser (HO)
)
(/Users/fernandoair/Library/TinyTeX/texmf-dist/tex/generic/kvdefinekeys/kvdefin
ekeys.sty
Package: kvdefinekeys 2019-12-19 v1.6 Define keys (HO)
)
(/Users/fernandoair/Library/TinyTeX/texmf-dist/tex/generic/pdfescape/pdfescape.
sty
Package: pdfescape 2019/12/09 v1.15 Implements pdfTeX's escape features (HO)
) (/Users/fernandoair/Library/TinyTeX/texmf-dist/tex/latex/hycolor/hycolor.sty
Package: hycolor 2020-01-27 v1.10 Color options for hyperref/bookmark (HO)
)
(/Users/fernandoair/Library/TinyTeX/texmf-dist/tex/latex/letltxmacro/letltxmacr
o.sty
Package: letltxmacro 2019/12/03 v1.6 Let assignment for LaTeX macros (HO)
) (/Users/fernandoair/Library/TinyTeX/texmf-dist/tex/latex/auxhook/auxhook.sty
Package: auxhook 2019-12-17 v1.6 Hooks for auxiliary files (HO)
)
(/Users/fernandoair/Library/TinyTeX/texmf-dist/tex/latex/kvoptions/kvoptions.st
y
Package: kvoptions 2019/11/29 v3.13 Key value format for package options (HO)
)
\@linkdim=\dimen172
\Hy@linkcounter=\count274
\Hy@pagecounter=\count275
(/Users/fernandoair/Library/TinyTeX/texmf-dist/tex/latex/hyperref/pd1enc.def
File: pd1enc.def 2020/01/14 v7.00d Hyperref: PDFDocEncoding definition (HO)
Now handling font encoding PD1 ...
... no UTF-8 mapping file for font encoding PD1
) (/Users/fernandoair/Library/TinyTeX/texmf-dist/tex/generic/intcalc/intcalc.st
y
Package: intcalc 2019/12/15 v1.3 Expandable calculations with integers (HO)
)
(/Users/fernandoair/Library/TinyTeX/texmf-dist/tex/generic/etexcmds/etexcmds.st
y
Package: etexcmds 2019/12/15 v1.7 Avoid name clashes with e-TeX commands (HO)
)
\Hy@SavedSpaceFactor=\count276
Package hyperref Info: Option `unicode' set `true' on input line 4421.
(/Users/fernandoair/Library/TinyTeX/texmf-dist/tex/latex/hyperref/puenc.def
File: puenc.def 2020/01/14 v7.00d Hyperref: PDF Unicode definition (HO)
Now handling font encoding PU ...
... no UTF-8 mapping file for font encoding PU
)
Package hyperref Info: Hyper figures OFF on input line 4547.
Package hyperref Info: Link nesting OFF on input line 4552.
Package hyperref Info: Hyper index ON on input line 4555.
Package hyperref Info: Plain pages OFF on input line 4562.
Package hyperref Info: Backreferencing OFF on input line 4567.
Package hyperref Info: Implicit mode ON; LaTeX internals redefined.
Package hyperref Info: Bookmarks ON on input line 4800.
\c@Hy@tempcnt=\count277
LaTeX Info: Redefining \url on input line 5159.
\XeTeXLinkMargin=\dimen173
(/Users/fernandoair/Library/TinyTeX/texmf-dist/tex/generic/bitset/bitset.sty
Package: bitset 2019/12/09 v1.3 Handle bit-vector datatype (HO)

(/Users/fernandoair/Library/TinyTeX/texmf-dist/tex/generic/bigintcalc/bigintcal
c.sty
Package: bigintcalc 2019/12/15 v1.5 Expandable calculations on big integers (HO
)
))
\Fld@menulength=\count278
\Field@Width=\dimen174
\Fld@charsize=\dimen175
Package hyperref Info: Hyper figures OFF on input line 6430.
Package hyperref Info: Link nesting OFF on input line 6435.
Package hyperref Info: Hyper index ON on input line 6438.
Package hyperref Info: backreferencing OFF on input line 6445.
Package hyperref Info: Link coloring OFF on input line 6450.
Package hyperref Info: Link coloring with OCG OFF on input line 6455.
Package hyperref Info: PDF/A mode OFF on input line 6460.
LaTeX Info: Redefining \ref on input line 6500.
LaTeX Info: Redefining \pageref on input line 6504.

(/Users/fernandoair/Library/TinyTeX/texmf-dist/tex/generic/atbegshi/atbegshi.st
y
Package: atbegshi 2019/12/05 v1.19 At begin shipout hook (HO)
)
\Hy@abspage=\count279
\c@Item=\count280
\c@Hfootnote=\count281
)
Package hyperref Info: Driver (autodetected): hpdftex.
(/Users/fernandoair/Library/TinyTeX/texmf-dist/tex/latex/hyperref/hpdftex.def
File: hpdftex.def 2020/01/14 v7.00d Hyperref driver for pdfTeX

(/Users/fernandoair/Library/TinyTeX/texmf-dist/tex/latex/atveryend/atveryend.st
y
Package: atveryend 2019-12-11 v1.11 Hooks at the very end of document (HO)
Package atveryend Info: \enddocument detected (standard20110627).
)
\Fld@listcount=\count282
\c@bookmark@seq@number=\count283

(/Users/fernandoair/Library/TinyTeX/texmf-dist/tex/latex/rerunfilecheck/rerunfi
lecheck.sty
Package: rerunfilecheck 2019/12/05 v1.9 Rerun checks for auxiliary files (HO)

(/Users/fernandoair/Library/TinyTeX/texmf-dist/tex/generic/uniquecounter/unique
counter.sty
Package: uniquecounter 2019/12/15 v1.4 Provide unlimited unique counter (HO)
)
Package uniquecounter Info: New unique counter `rerunfilecheck' on input line 2
86.
)
\Hy@SectionHShift=\skip57
)
Package hyperref Info: Option `breaklinks' set `true' on input line 100.

Package hyperref Warning: Option `bookmarks' has already been used,
(hyperref)                setting the option has no effect on input line 100.

Package hyperref Info: Option `colorlinks' set `false' on input line 100.
(/Users/fernandoair/Library/TinyTeX/texmf-dist/tex/latex/tools/longtable.sty
Package: longtable 2020/01/07 v4.13 Multi-page Table package (DPC)
\LTleft=\skip58
\LTright=\skip59
\LTpre=\skip60
\LTpost=\skip61
\LTchunksize=\count284
\LTcapwidth=\dimen176
\LT@head=\box53
\LT@firsthead=\box54
\LT@foot=\box55
\LT@lastfoot=\box56
\LT@cols=\count285
\LT@rows=\count286
\c@LT@tables=\count287
\c@LT@chunks=\count288
\LT@p@ftn=\toks27
) (/Users/fernandoair/Library/TinyTeX/texmf-dist/tex/latex/tools/array.sty
Package: array 2019/08/31 v2.4l Tabular extension package (FMi)
\col@sep=\dimen177
\ar@mcellbox=\box57
\extrarowheight=\dimen178
\NC@list=\toks28
\extratabsurround=\skip62
\backup@length=\skip63
\ar@cellbox=\box58
) (/Users/fernandoair/Library/TinyTeX/texmf-dist/tex/latex/multirow/multirow.st
y
Package: multirow 2019/05/31 v2.5 Span multiple rows of a table
\multirow@colwidth=\skip64
\multirow@cntb=\count289
\multirow@dima=\skip65
\bigstrutjot=\dimen179
) (/Users/fernandoair/Library/TinyTeX/texmf-dist/tex/latex/wrapfig/wrapfig.sty
\wrapoverhang=\dimen180
\WF@size=\dimen181
\c@WF@wrappedlines=\count290
\WF@box=\box59
\WF@everypar=\toks29
Package: wrapfig 2003/01/31  v 3.6
) (/Users/fernandoair/Library/TinyTeX/texmf-dist/tex/latex/float/float.sty
Package: float 2001/11/08 v1.3d Float enhancements (AL)
\c@float@type=\count291
\float@exts=\toks30
\float@box=\box60
\@float@everytoks=\toks31
\@floatcapt=\box61
) (/Users/fernandoair/Library/TinyTeX/texmf-dist/tex/latex/colortbl/colortbl.st
y
Package: colortbl 2020/01/04 v1.0e Color table columns (DPC)
\everycr=\toks32
\minrowclearance=\skip66
)
(/Users/fernandoair/Library/TinyTeX/texmf-dist/tex/latex/pdflscape/pdflscape.st
y
Package: pdflscape 2019/12/05 v0.12 Display of landscape pages in PDF (HO)
(/Users/fernandoair/Library/TinyTeX/texmf-dist/tex/latex/graphics/lscape.sty
Package: lscape 2000/10/22 v3.01 Landscape Pages (DPC)
)
Package pdflscape Info: Auto-detected driver: pdftex on input line 81.
) (/Users/fernandoair/Library/TinyTeX/texmf-dist/tex/latex/tabu/tabu.sty
Package: tabu 2019/01/11 v2.9 - flexible LaTeX tabulars (FC+tabu-fixed)
(/Users/fernandoair/Library/TinyTeX/texmf-dist/tex/latex/varwidth/varwidth.sty
Package: varwidth 2009/03/30 ver 0.92;  Variable-width minipages
\@vwid@box=\box62
\sift@deathcycles=\count292
\@vwid@loff=\dimen182
\@vwid@roff=\dimen183
)
\c@taburow=\count293
\tabu@nbcols=\count294
\tabu@cnt=\count295
\tabu@Xcol=\count296
\tabu@alloc=\count297
\tabu@nested=\count298
\tabu@target=\dimen184
\tabu@spreadtarget=\dimen185
\tabu@naturalX=\dimen186
\tabucolX=\dimen187
\tabu@Xsum=\dimen188
\extrarowdepth=\dimen189
\abovetabulinesep=\dimen190
\belowtabulinesep=\dimen191
\tabustrutrule=\dimen192
\tabu@thebody=\toks33
\tabu@footnotes=\toks34
\tabu@box=\box63
\tabu@arstrutbox=\box64
\tabu@hleads=\box65
\tabu@vleads=\box66
\tabu@cellskip=\skip67
)
(/Users/fernandoair/Library/TinyTeX/texmf-dist/tex/latex/threeparttable/threepa
rttable.sty
Package: threeparttable 2003/06/13  v 3.0
\@tempboxb=\box67
)
(/Users/fernandoair/Library/TinyTeX/texmf-dist/tex/latex/threeparttablex/threep
arttablex.sty
Package: threeparttablex 2013/07/23 v0.3 by daleif
(/Users/fernandoair/Library/TinyTeX/texmf-dist/tex/latex/environ/environ.sty
Package: environ 2014/05/04 v0.3 A new way to define environments

(/Users/fernandoair/Library/TinyTeX/texmf-dist/tex/latex/trimspaces/trimspaces.
sty
Package: trimspaces 2009/09/17 v1.1 Trim spaces around a token list
))
\TPTL@width=\skip68
) (/Users/fernandoair/Library/TinyTeX/texmf-dist/tex/generic/ulem/ulem.sty
\UL@box=\box68
\UL@hyphenbox=\box69
\UL@skip=\skip69
\UL@hook=\toks35
\UL@height=\dimen193
\UL@pe=\count299
\UL@pixel=\dimen194
\ULC@box=\box70
Package: ulem 2019/11/18
\ULdepth=\dimen195
) (/Users/fernandoair/Library/TinyTeX/texmf-dist/tex/latex/makecell/makecell.st
y
Package: makecell 2009/08/03 V0.1e Managing of Tab Column Heads and Cells
\rotheadsize=\dimen196
\c@nlinenum=\count300
\TeXr@lab=\toks36
) (/Users/fernandoair/Library/TinyTeX/texmf-dist/tex/latex/xcolor/xcolor.sty
Package: xcolor 2016/05/11 v2.12 LaTeX color extensions (UK)

(/Users/fernandoair/Library/TinyTeX/texmf-dist/tex/latex/graphics-cfg/color.cfg
File: color.cfg 2016/01/02 v1.6 sample color configuration
)
Package xcolor Info: Driver file: pdftex.def on input line 225.
LaTeX Info: Redefining \color on input line 709.
Package xcolor Info: Model `cmy' substituted by `cmy0' on input line 1348.
Package xcolor Info: Model `hsb' substituted by `rgb' on input line 1352.
Package xcolor Info: Model `RGB' extended on input line 1364.
Package xcolor Info: Model `HTML' substituted by `rgb' on input line 1366.
Package xcolor Info: Model `Hsb' substituted by `hsb' on input line 1367.
Package xcolor Info: Model `tHsb' substituted by `hsb' on input line 1368.
Package xcolor Info: Model `HSB' substituted by `hsb' on input line 1369.
Package xcolor Info: Model `Gray' substituted by `gray' on input line 1370.
Package xcolor Info: Model `wave' substituted by `hsb' on input line 1371.
)
(/Users/fernandoair/Library/TinyTeX/texmf-dist/tex/latex/l3backend/l3backend-pd
fmode.def
File: l3backend-pdfmode.def 2020-03-12 L3 backend support: PDF mode
\l__kernel_color_stack_int=\count301
\l__pdf_internal_box=\box71
) (./Environmental-Correlates-of-COVID19-Spain.aux

LaTeX Warning: Label `tab:descriptive-statistics' multiply defined.


LaTeX Warning: Label `tab:summary-best-model' multiply defined.

)
\openout1 = `Environmental-Correlates-of-COVID19-Spain.aux'.

LaTeX Font Info:    Checking defaults for OML/cmm/m/it on input line 126.
LaTeX Font Info:    ... okay on input line 126.
LaTeX Font Info:    Checking defaults for OMS/cmsy/m/n on input line 126.
LaTeX Font Info:    ... okay on input line 126.
LaTeX Font Info:    Checking defaults for OT1/cmr/m/n on input line 126.
LaTeX Font Info:    ... okay on input line 126.
LaTeX Font Info:    Checking defaults for T1/cmr/m/n on input line 126.
LaTeX Font Info:    ... okay on input line 126.
LaTeX Font Info:    Checking defaults for TS1/cmr/m/n on input line 126.
LaTeX Font Info:    ... okay on input line 126.
LaTeX Font Info:    Checking defaults for OMX/cmex/m/n on input line 126.
LaTeX Font Info:    ... okay on input line 126.
LaTeX Font Info:    Checking defaults for U/cmr/m/n on input line 126.
LaTeX Font Info:    ... okay on input line 126.
LaTeX Font Info:    Checking defaults for PD1/pdf/m/n on input line 126.
LaTeX Font Info:    ... okay on input line 126.
LaTeX Font Info:    Checking defaults for PU/pdf/m/n on input line 126.
LaTeX Font Info:    ... okay on input line 126.
LaTeX Font Info:    Trying to load font information for T1+lmr on input line 12
6.
(/Users/fernandoair/Library/TinyTeX/texmf-dist/tex/latex/lm/t1lmr.fd
File: t1lmr.fd 2009/10/30 v1.6 Font defs for Latin Modern
)
(/Users/fernandoair/Library/TinyTeX/texmf-dist/tex/latex/epstopdf-pkg/epstopdf-
base.sty
Package: epstopdf-base 2020-01-24 v2.11 Base part for package epstopdf
Package epstopdf-base Info: Redefining graphics rule for `.eps' on input line 4
85.

(/Users/fernandoair/Library/TinyTeX/texmf-dist/tex/latex/latexconfig/epstopdf-s
ys.cfg
File: epstopdf-sys.cfg 2010/07/13 v1.3 Configuration of (r)epstopdf for TeX Liv
e
))
\AtBeginShipoutBox=\box72
Package hyperref Info: Link coloring OFF on input line 126.
(/Users/fernandoair/Library/TinyTeX/texmf-dist/tex/latex/hyperref/nameref.sty
Package: nameref 2019/09/16 v2.46 Cross-referencing by name of section
(/Users/fernandoair/Library/TinyTeX/texmf-dist/tex/latex/refcount/refcount.sty
Package: refcount 2019/12/15 v3.6 Data extraction from label references (HO)
)
(/Users/fernandoair/Library/TinyTeX/texmf-dist/tex/generic/gettitlestring/getti
tlestring.sty
Package: gettitlestring 2019/12/15 v1.6 Cleanup title references (HO)
)
\c@section@level=\count302
)
LaTeX Info: Redefining \ref on input line 126.
LaTeX Info: Redefining \pageref on input line 126.
LaTeX Info: Redefining \nameref on input line 126.
(./Environmental-Correlates-of-COVID19-Spain.out) (./Environmental-Correlates-o
f-COVID19-Spain.out)
\@outlinefile=\write5
\openout5 = `Environmental-Correlates-of-COVID19-Spain.out'.


Underfull \hbox (badness 10000) in paragraph at lines 153--179

 []

LaTeX Font Info:    Trying to load font information for OT1+lmr on input line 1
81.
(/Users/fernandoair/Library/TinyTeX/texmf-dist/tex/latex/lm/ot1lmr.fd
File: ot1lmr.fd 2009/10/30 v1.6 Font defs for Latin Modern
)
LaTeX Font Info:    Trying to load font information for OML+lmm on input line 1
81.
(/Users/fernandoair/Library/TinyTeX/texmf-dist/tex/latex/lm/omllmm.fd
File: omllmm.fd 2009/10/30 v1.6 Font defs for Latin Modern
)
LaTeX Font Info:    Trying to load font information for OMS+lmsy on input line 
181.
(/Users/fernandoair/Library/TinyTeX/texmf-dist/tex/latex/lm/omslmsy.fd
File: omslmsy.fd 2009/10/30 v1.6 Font defs for Latin Modern
)
LaTeX Font Info:    Trying to load font information for OMX+lmex on input line 
181.
(/Users/fernandoair/Library/TinyTeX/texmf-dist/tex/latex/lm/omxlmex.fd
File: omxlmex.fd 2009/10/30 v1.6 Font defs for Latin Modern
)
LaTeX Font Info:    External font `lmex10' loaded for size
(Font)              <8> on input line 181.
LaTeX Font Info:    External font `lmex10' loaded for size
(Font)              <6> on input line 181.
LaTeX Font Info:    External font `lmex10' loaded for size
(Font)              <5> on input line 181.
LaTeX Font Info:    Trying to load font information for U+msa on input line 181
.
(/Users/fernandoair/Library/TinyTeX/texmf-dist/tex/latex/amsfonts/umsa.fd
File: umsa.fd 2013/01/14 v3.01 AMS symbols A
)
LaTeX Font Info:    Trying to load font information for U+msb on input line 181
.
(/Users/fernandoair/Library/TinyTeX/texmf-dist/tex/latex/amsfonts/umsb.fd
File: umsb.fd 2013/01/14 v3.01 AMS symbols B
)
LaTeX Font Info:    Trying to load font information for T1+lmtt on input line 1
81.
(/Users/fernandoair/Library/TinyTeX/texmf-dist/tex/latex/lm/t1lmtt.fd
File: t1lmtt.fd 2009/10/30 v1.6 Font defs for Latin Modern
)
LaTeX Font Info:    External font `lmex10' loaded for size
(Font)              <10> on input line 181.
LaTeX Font Info:    External font `lmex10' loaded for size
(Font)              <7> on input line 181.
[1


{/Users/fernandoair/Library/TinyTeX/texmf-var/fonts/map/pdftex/updmap/pdftex.ma
p}] [2] [3]
Underfull \hbox (badness 10000) in paragraph at lines 331--331
[][][]\T1/lmr/m/n/8 https://www.mitma.gob.es/ministerio/covid-19/evolucion-movi
lidad-big-
 []

[4]

LaTeX Warning: Reference `plotfer1' on page 5 undefined on input line 361.


Overfull \hbox (5.41551pt too wide) in paragraph at lines 368--377
[]\T1/lmr/m/n/10 The per capita GDP (GDPpc) also can gen-er-ate dif-fer-ences b
e-tween provinces.
 []

[5]
LaTeX Font Info:    Trying to load font information for TS1+lmr on input line 4
53.
(/Users/fernandoair/Library/TinyTeX/texmf-dist/tex/latex/lm/ts1lmr.fd
File: ts1lmr.fd 2009/10/30 v1.6 Font defs for Latin Modern
) [6pdfTeX warning (ext4): destination with the same identifier (name{table.1})
 has been already used, duplicate ignored

\AtBegShi@Output ...ipout \box \AtBeginShipoutBox 
                                                  \fi \fi 
l.476 
      ] [7] [8]
<Environmental-Correlates-of-COVID19-Spain_files/figure-latex/weekly-average-in
cidence-map-1.pdf, id=138, 436.63126pt x 643.40375pt>
File: Environmental-Correlates-of-COVID19-Spain_files/figure-latex/weekly-avera
ge-incidence-map-1.pdf Graphic file (type pdf)
<use Environmental-Correlates-of-COVID19-Spain_files/figure-latex/weekly-averag
e-incidence-map-1.pdf>
Package pdftex.def Info: Environmental-Correlates-of-COVID19-Spain_files/figure
-latex/weekly-average-incidence-map-1.pdf  used on input line 641.
(pdftex.def)             Requested size: 345.0pt x 508.38156pt.

LaTeX Warning: Float too large for page by 1.38156pt on input line 645.

<Environmental-Correlates-of-COVID19-Spain_files/figure-latex/descriptives-temp
erature-1.pdf, id=140, 454.69875pt x 491.8375pt>
File: Environmental-Correlates-of-COVID19-Spain_files/figure-latex/descriptives
-temperature-1.pdf Graphic file (type pdf)
<use Environmental-Correlates-of-COVID19-Spain_files/figure-latex/descriptives-
temperature-1.pdf>
Package pdftex.def Info: Environmental-Correlates-of-COVID19-Spain_files/figure
-latex/descriptives-temperature-1.pdf  used on input line 663.
(pdftex.def)             Requested size: 345.0pt x 373.18498pt.
<Environmental-Correlates-of-COVID19-Spain_files/figure-latex/control-map-1.pdf
, id=141, 207.77625pt x 630.355pt>
File: Environmental-Correlates-of-COVID19-Spain_files/figure-latex/control-map-
1.pdf Graphic file (type pdf)
<use Environmental-Correlates-of-COVID19-Spain_files/figure-latex/control-map-1
.pdf>
Package pdftex.def Info: Environmental-Correlates-of-COVID19-Spain_files/figure
-latex/control-map-1.pdf  used on input line 673.
(pdftex.def)             Requested size: 207.77573pt x 630.38231pt.

LaTeX Warning: Float too large for page by 101.88231pt on input line 676.

<Environmental-Correlates-of-COVID19-Spain_files/figure-latex/plotfer1-1.pdf, i
d=142, 450.68375pt x 319.1925pt>
File: Environmental-Correlates-of-COVID19-Spain_files/figure-latex/plotfer1-1.p
df Graphic file (type pdf)
<use Environmental-Correlates-of-COVID19-Spain_files/figure-latex/plotfer1-1.pd
f>
Package pdftex.def Info: Environmental-Correlates-of-COVID19-Spain_files/figure
-latex/plotfer1-1.pdf  used on input line 680.
(pdftex.def)             Requested size: 345.0pt x 244.3568pt.
<Environmental-Correlates-of-COVID19-Spain_files/figure-latex/daily-correlation
s-1.pdf, id=144, 449.68pt x 303.1325pt>
File: Environmental-Correlates-of-COVID19-Spain_files/figure-latex/daily-correl
ations-1.pdf Graphic file (type pdf)
<use Environmental-Correlates-of-COVID19-Spain_files/figure-latex/daily-correla
tions-1.pdf>
Package pdftex.def Info: Environmental-Correlates-of-COVID19-Spain_files/figure
-latex/daily-correlations-1.pdf  used on input line 697.
(pdftex.def)             Requested size: 345.0pt x 232.57555pt.
<Environmental-Correlates-of-COVID19-Spain_files/figure-latex/goodness-of-fit-1
.pdf, id=146, 453.695pt x 304.13625pt>
File: Environmental-Correlates-of-COVID19-Spain_files/figure-latex/goodness-of-
fit-1.pdf Graphic file (type pdf)
<use Environmental-Correlates-of-COVID19-Spain_files/figure-latex/goodness-of-f
it-1.pdf>
Package pdftex.def Info: Environmental-Correlates-of-COVID19-Spain_files/figure
-latex/goodness-of-fit-1.pdf  used on input line 711.
(pdftex.def)             Requested size: 345.0pt x 231.27124pt.
<Environmental-Correlates-of-COVID19-Spain_files/figure-latex/delta-time-1.pdf,
 id=148, 453.695pt x 313.17pt>
File: Environmental-Correlates-of-COVID19-Spain_files/figure-latex/delta-time-1
.pdf Graphic file (type pdf)
<use Environmental-Correlates-of-COVID19-Spain_files/figure-latex/delta-time-1.
pdf>
Package pdftex.def Info: Environmental-Correlates-of-COVID19-Spain_files/figure
-latex/delta-time-1.pdf  used on input line 754.
(pdftex.def)             Requested size: 345.0pt x 238.14069pt.
[9] [10pdfTeX warning (ext4): destination with the same identifier (name{figure
.1}) has been already used, duplicate ignored

\AtBegShi@Output ...ipout \box \AtBeginShipoutBox 
                                                  \fi \fi 
l.757 \end{figure}
                   <./Environmental-Correlates-of-COVID19-Spain_files/figure-la
tex/weekly-average-incidence-map-1.pdf>] [11pdfTeX warning (ext4): destination 
with the same identifier (name{figure.2}) has been already used, duplicate igno
red

\AtBegShi@Output ...ipout \box \AtBeginShipoutBox 
                                                  \fi \fi 
l.757 \end{figure}
                   <./Environmental-Correlates-of-COVID19-Spain_files/figure-la
tex/descriptives-temperature-1.pdf>] [12pdfTeX warning (ext4): destination with
 the same identifier (name{figure.3}) has been already used, duplicate ignored

\AtBegShi@Output ...ipout \box \AtBeginShipoutBox 
                                                  \fi \fi 
l.757 \end{figure}
                   <./Environmental-Correlates-of-COVID19-Spain_files/figure-la
tex/control-map-1.pdf>] [13pdfTeX warning (ext4): destination with the same ide
ntifier (name{figure.4}) has been already used, duplicate ignored

\AtBegShi@Output ...ipout \box \AtBeginShipoutBox 
                                                  \fi \fi 
l.757 \end{figure}
                  pdfTeX warning (ext4): destination with the same identifier (
name{table.2}) has been already used, duplicate ignored

\AtBegShi@Output ...ipout \box \AtBeginShipoutBox 
                                                  \fi \fi 
l.757 \end{figure}
                   <./Environmental-Correlates-of-COVID19-Spain_files/figure-la
tex/plotfer1-1.pdf>] [14pdfTeX warning (ext4): destination with the same identi
fier (name{figure.5}) has been already used, duplicate ignored

\AtBegShi@Output ...ipout \box \AtBeginShipoutBox 
                                                  \fi \fi 
l.757 \end{figure}
                  pdfTeX warning (ext4): destination with the same identifier (
name{figure.6}) has been already used, duplicate ignored

\AtBegShi@Output ...ipout \box \AtBeginShipoutBox 
                                                  \fi \fi 
l.757 \end{figure}
                   <./Environmental-Correlates-of-COVID19-Spain_files/figure-la
tex/daily-correlations-1.pdf> <./Environmental-Correlates-of-COVID19-Spain_file
s/figure-latex/goodness-of-fit-1.pdf>]
<Environmental-Correlates-of-COVID19-Spain_files/figure-latex/beta-intercept-ti
me-1.pdf, id=237, 453.695pt x 313.17pt>
File: Environmental-Correlates-of-COVID19-Spain_files/figure-latex/beta-interce
pt-time-1.pdf Graphic file (type pdf)
<use Environmental-Correlates-of-COVID19-Spain_files/figure-latex/beta-intercep
t-time-1.pdf>
Package pdftex.def Info: Environmental-Correlates-of-COVID19-Spain_files/figure
-latex/beta-intercept-time-1.pdf  used on input line 764.
(pdftex.def)             Requested size: 345.0pt x 238.14069pt.
<Environmental-Correlates-of-COVID19-Spain_files/figure-latex/beta-density-time
-1.pdf, id=239, 453.695pt x 313.17pt>
File: Environmental-Correlates-of-COVID19-Spain_files/figure-latex/beta-density
-time-1.pdf Graphic file (type pdf)
<use Environmental-Correlates-of-COVID19-Spain_files/figure-latex/beta-density-
time-1.pdf>
Package pdftex.def Info: Environmental-Correlates-of-COVID19-Spain_files/figure
-latex/beta-density-time-1.pdf  used on input line 773.
(pdftex.def)             Requested size: 345.0pt x 238.14069pt.
<Environmental-Correlates-of-COVID19-Spain_files/figure-latex/beta-transit-time
-1.pdf, id=241, 453.695pt x 313.17pt>
File: Environmental-Correlates-of-COVID19-Spain_files/figure-latex/beta-transit
-time-1.pdf Graphic file (type pdf)
<use Environmental-Correlates-of-COVID19-Spain_files/figure-latex/beta-transit-
time-1.pdf>
Package pdftex.def Info: Environmental-Correlates-of-COVID19-Spain_files/figure
-latex/beta-transit-time-1.pdf  used on input line 783.
(pdftex.def)             Requested size: 345.0pt x 238.14069pt.
<Environmental-Correlates-of-COVID19-Spain_files/figure-latex/beta-humidity-tim
e-1.pdf, id=243, 453.695pt x 313.17pt>
File: Environmental-Correlates-of-COVID19-Spain_files/figure-latex/beta-humidit
y-time-1.pdf Graphic file (type pdf)
<use Environmental-Correlates-of-COVID19-Spain_files/figure-latex/beta-humidity
-time-1.pdf>
Package pdftex.def Info: Environmental-Correlates-of-COVID19-Spain_files/figure
-latex/beta-humidity-time-1.pdf  used on input line 793.
(pdftex.def)             Requested size: 345.0pt x 238.14069pt.

Overfull \hbox (8.84105pt too wide) in paragraph at lines 798--800
[]\T1/lmr/m/n/10 Figure []12[] shows the tem-po-ral evo-lu-tion of the co-ef-fi
-cient for $[]\OT1/lmr/m/n/10 (\OML/lmm/m/it/10 Temperature\OT1/lmr/m/n/10 )$\T
1/lmr/m/n/10 . 
 []

<Environmental-Correlates-of-COVID19-Spain_files/figure-latex/beta-temperature-
time-1.pdf, id=245, 453.695pt x 313.17pt>
File: Environmental-Correlates-of-COVID19-Spain_files/figure-latex/beta-tempera
ture-time-1.pdf Graphic file (type pdf)
<use Environmental-Correlates-of-COVID19-Spain_files/figure-latex/beta-temperat
ure-time-1.pdf>
Package pdftex.def Info: Environmental-Correlates-of-COVID19-Spain_files/figure
-latex/beta-temperature-time-1.pdf  used on input line 803.
(pdftex.def)             Requested size: 345.0pt x 238.14069pt.
<Environmental-Correlates-of-COVID19-Spain_files/figure-latex/beta-sunshine-tim
e-1.pdf, id=247, 453.695pt x 313.17pt>
File: Environmental-Correlates-of-COVID19-Spain_files/figure-latex/beta-sunshin
e-time-1.pdf Graphic file (type pdf)
<use Environmental-Correlates-of-COVID19-Spain_files/figure-latex/beta-sunshine
-time-1.pdf>
Package pdftex.def Info: Environmental-Correlates-of-COVID19-Spain_files/figure
-latex/beta-sunshine-time-1.pdf  used on input line 813.
(pdftex.def)             Requested size: 345.0pt x 238.14069pt.

Package xcolor Warning: Incompatible color definition on input line 818.

LaTeX Font Info:    Font shape `T1/lmtt/bx/n' in size <10> not available
(Font)              Font shape `T1/lmtt/b/n' tried instead on input line 820.

Package xcolor Warning: Incompatible color definition on input line 826.


Package xcolor Warning: Incompatible color definition on input line 826.


Overfull \hbox (17.24895pt too wide) in paragraph at lines 838--838
[]\T1/lmtt/m/n/10 ##                                       Direct   Indirect   
   Total[] 
 []


Overfull \hbox (17.24895pt too wide) in paragraph at lines 838--838
[]\T1/lmtt/m/n/10 ## log(GDPpc)_1                       0.6769737  0.6361932  1
.3131669[] 
 []


Overfull \hbox (17.24895pt too wide) in paragraph at lines 838--838
[]\T1/lmtt/m/n/10 ## log(Older)_1                      -0.8042340 -0.7557874 -1
.5600214[] 
 []


Overfull \hbox (17.24895pt too wide) in paragraph at lines 838--838
[]\T1/lmtt/m/n/10 ## log(Density)_1                     0.1670754  0.1570109  0
.3240864[] 
 []

[15pdfTeX warning (ext4): destination with the same identifier (name{figure.7})
 has been already used, duplicate ignored

\AtBegShi@Output ...ipout \box \AtBeginShipoutBox 
                                                  \fi \fi 
l.838 \end{verbatim}
                     <./Environmental-Correlates-of-COVID19-Spain_files/figure-
latex/delta-time-1.pdf>]
Overfull \hbox (17.24895pt too wide) in paragraph at lines 838--838
[]\T1/lmtt/m/n/10 ## Transit_1                          0.3430969  0.3224289  0
.6655259[] 
 []


Overfull \hbox (17.24895pt too wide) in paragraph at lines 838--838
[]\T1/lmtt/m/n/10 ## log(Humidity_lag11)_1             -1.5656410 -1.4713276 -3
.0369685[] 
 []


Overfull \hbox (17.24895pt too wide) in paragraph at lines 838--838
[]\T1/lmtt/m/n/10 ## log(Mean_Temp_lag11)_1            -1.7452380 -1.6401057 -3
.3853437[] 
 []


Overfull \hbox (17.24895pt too wide) in paragraph at lines 838--838
[]\T1/lmtt/m/n/10 ## log(Sunshine_Hours_lag11 + 0.1)_1 -0.2818768 -0.2648967 -0
.5467734[] 
 []


Package xcolor Warning: Incompatible color definition on input line 840.


Package xcolor Warning: Incompatible color definition on input line 844.


Package xcolor Warning: Incompatible color definition on input line 844.


Overfull \hbox (27.74892pt too wide) in paragraph at lines 854--854
[]\T1/lmtt/m/n/10 ##                                        Direct    Indirect 
     Total[] 
 []


Overfull \hbox (27.74892pt too wide) in paragraph at lines 854--854
[]\T1/lmtt/m/n/10 ## log(Density)_2                     0.06263494  0.04033489 
 0.1029698[] 
 []


Overfull \hbox (27.74892pt too wide) in paragraph at lines 854--854
[]\T1/lmtt/m/n/10 ## Transit_2                          0.44110065  0.28405466 
 0.7251553[] 
 []


Overfull \hbox (27.74892pt too wide) in paragraph at lines 854--854
[]\T1/lmtt/m/n/10 ## log(Humidity_lag11)_2             -1.06494878 -0.68579283 
-1.7507416[] 
 []


Overfull \hbox (27.74892pt too wide) in paragraph at lines 854--854
[]\T1/lmtt/m/n/10 ## log(Mean_Temp_lag11)_2            -1.48108018 -0.95376810 
-2.4348483[] 
 []


Overfull \hbox (27.74892pt too wide) in paragraph at lines 854--854
[]\T1/lmtt/m/n/10 ## log(Sunshine_Hours_lag11 + 0.1)_2 -0.19117818 -0.12311261 
-0.3142908[] 
 []


Package xcolor Warning: Incompatible color definition on input line 856.


Package xcolor Warning: Incompatible color definition on input line 860.


Package xcolor Warning: Incompatible color definition on input line 860.


Overfull \hbox (32.9989pt too wide) in paragraph at lines 870--870
[]\T1/lmtt/m/n/10 ##                                        Direct    Indirect 
      Total[] 
 []


Overfull \hbox (32.9989pt too wide) in paragraph at lines 870--870
[]\T1/lmtt/m/n/10 ## log(Density)_3                     0.02434857  0.01918949 
 0.04353807[] 
 []


Overfull \hbox (32.9989pt too wide) in paragraph at lines 870--870
[]\T1/lmtt/m/n/10 ## Transit_3                          0.43185937  0.34035519 
 0.77221456[] 
 []


Overfull \hbox (32.9989pt too wide) in paragraph at lines 870--870
[]\T1/lmtt/m/n/10 ## log(Humidity_lag11)_3             -0.97725083 -0.77018681 
-1.74743764[] 
 []

[16pdfTeX warning (ext4): destination with the same identifier (name{figure.8})
 has been already used, duplicate ignored

\AtBegShi@Output ...ipout \box \AtBeginShipoutBox 
                                                  \fi \fi 
l.870 \end{verbatim}
                     <./Environmental-Correlates-of-COVID19-Spain_files/figure-
latex/beta-intercept-time-1.pdf>]
Overfull \hbox (32.9989pt too wide) in paragraph at lines 870--870
[]\T1/lmtt/m/n/10 ## log(Mean_Temp_lag11)_3            -1.39946579 -1.10294110 
-2.50240689[] 
 []


Overfull \hbox (32.9989pt too wide) in paragraph at lines 870--870
[]\T1/lmtt/m/n/10 ## log(Sunshine_Hours_lag11 + 0.1)_3 -0.09717791 -0.07658744 
-0.17376535[] 
 []


Package xcolor Warning: Incompatible color definition on input line 872.

LaTeX Font Info:    Trying to load font information for TS1+lmtt on input line 
878.
(/Users/fernandoair/Library/TinyTeX/texmf-dist/tex/latex/lm/ts1lmtt.fd
File: ts1lmtt.fd 2009/10/30 v1.6 Font defs for Latin Modern
)

Package xcolor Warning: Incompatible color definition on input line 880.


Package xcolor Warning: Incompatible color definition on input line 880.

<Environmental-Correlates-of-COVID19-Spain_files/figure-latex/impacts-1.pdf, id
=278, 440.64626pt x 219.82124pt>
File: Environmental-Correlates-of-COVID19-Spain_files/figure-latex/impacts-1.pd
f Graphic file (type pdf)
<use Environmental-Correlates-of-COVID19-Spain_files/figure-latex/impacts-1.pdf
>
Package pdftex.def Info: Environmental-Correlates-of-COVID19-Spain_files/figure
-latex/impacts-1.pdf  used on input line 882.
(pdftex.def)             Requested size: 345.0pt x 172.11394pt.

Overfull \hbox (15.0pt too wide) in paragraph at lines 882--883
[][] 
 []

[17pdfTeX warning (ext4): destination with the same identifier (name{figure.9})
 has been already used, duplicate ignored

\AtBegShi@Output ...ipout \box \AtBeginShipoutBox 
                                                  \fi \fi 
l.885 ...uding Remarks}\label{concluding-remarks}}
                                                   <./Environmental-Correlates-
of-COVID19-Spain_files/figure-latex/beta-density-time-1.pdf>] [18pdfTeX warning
 (ext4): destination with the same identifier (name{figure.10}) has been alread
y used, duplicate ignored

\AtBegShi@Output ...ipout \box \AtBeginShipoutBox 
                                                  \fi \fi 
l.901   I
         dem para la humedad y horas de sol <./Environmental-Correlates-of-COVI
D19-Spain_files/figure-latex/beta-transit-time-1.pdf> <./Environmental-Correlat
es-of-COVID19-Spain_files/figure-latex/impacts-1.pdf>] [19pdfTeX warning (ext4)
: destination with the same identifier (name{figure.11}) has been already used,
 duplicate ignored

\AtBegShi@Output ...ipout \box \AtBeginShipoutBox 
                                                  \fi \fi 
l.928   N
         o se ha controlado por el sistema sanitario de cada provincia. Uno de 
<./Environmental-Correlates-of-COVID19-Spain_files/figure-latex/beta-humidity-t
ime-1.pdf>] [20pdfTeX warning (ext4): destination with the same identifier (nam
e{figure.12}) has been already used, duplicate ignored

\AtBegShi@Output ...ipout \box \AtBeginShipoutBox 
                                                  \fi \fi 
l.948 \end{itemize}
                    <./Environmental-Correlates-of-COVID19-Spain_files/figure-l
atex/beta-temperature-time-1.pdf>] [21pdfTeX warning (ext4): destination with t
he same identifier (name{figure.13}) has been already used, duplicate ignored

\AtBegShi@Output ...ipout \box \AtBeginShipoutBox 
                                                  \fi \fi 
l.982 
       <./Environmental-Correlates-of-COVID19-Spain_files/figure-latex/beta-sun
shine-time-1.pdf>] [22] [23] [24]
Package atveryend Info: Empty hook `BeforeClearDocument' on input line 1224.
[25]
Package atveryend Info: Empty hook `AfterLastShipout' on input line 1224.
(./Environmental-Correlates-of-COVID19-Spain.aux)
Package atveryend Info: Executing hook `AtVeryEndDocument' on input line 1224.
Package atveryend Info: Executing hook `AtEndAfterFileList' on input line 1224.

Package rerunfilecheck Info: File `Environmental-Correlates-of-COVID19-Spain.ou
t' has not changed.
(rerunfilecheck)             Checksum: 3F3F92B2E5CCEDE8AE22B92EFA9C8317;1730.

LaTeX Warning: There were undefined references.


LaTeX Warning: There were multiply-defined labels.

Package atveryend Info: Empty hook `AtVeryVeryEnd' on input line 1224.
 ) 
Here is how much of TeX's memory you used:
 13023 strings out of 482530
 192119 string characters out of 5949701
 449968 words of memory out of 5000000
 28251 multiletter control sequences out of 15000+600000
 595371 words of font info for 71 fonts, out of 8000000 for 9000
 14 hyphenation exceptions out of 8191
 38i,12n,37p,455b,493s stack positions out of 5000i,500n,10000p,200000b,80000s
{/Users/fernandoair/Library/TinyTeX/texmf-dist/fonts/enc/dvips/lm/lm-ts1.enc}
{/Users/fernandoair/Library/TinyTeX/texmf-dist/fonts/enc/dvips/lm/lm-ec.enc}{/U
sers/fernandoair/Library/TinyTeX/texmf-dist/fonts/enc/dvips/lm/lm-rm.enc}{/User
s/fernandoair/Library/TinyTeX/texmf-dist/fonts/enc/dvips/lm/lm-mathsy.enc}{/Use
rs/fernandoair/Library/TinyTeX/texmf-dist/fonts/enc/dvips/lm/lm-mathit.enc}{/Us
ers/fernandoair/Library/TinyTeX/texmf-dist/fonts/enc/dvips/lm/lm-mathex.enc}</U
sers/fernandoair/Library/TinyTeX/texmf-dist/fonts/type1/public/lm/lmbx10.pfb></
Users/fernandoair/Library/TinyTeX/texmf-dist/fonts/type1/public/lm/lmbx7.pfb></
Users/fernandoair/Library/TinyTeX/texmf-dist/fonts/type1/public/lm/lmex10.pfb><
/Users/fernandoair/Library/TinyTeX/texmf-dist/fonts/type1/public/lm/lmmi10.pfb>
</Users/fernandoair/Library/TinyTeX/texmf-dist/fonts/type1/public/lm/lmmi7.pfb>
</Users/fernandoair/Library/TinyTeX/texmf-dist/fonts/type1/public/lm/lmr10.pfb>
</Users/fernandoair/Library/TinyTeX/texmf-dist/fonts/type1/public/lm/lmr12.pfb>
</Users/fernandoair/Library/TinyTeX/texmf-dist/fonts/type1/public/lm/lmr6.pfb><
/Users/fernandoair/Library/TinyTeX/texmf-dist/fonts/type1/public/lm/lmr7.pfb></
Users/fernandoair/Library/TinyTeX/texmf-dist/fonts/type1/public/lm/lmr8.pfb></U
sers/fernandoair/Library/TinyTeX/texmf-dist/fonts/type1/public/lm/lmri10.pfb></
Users/fernandoair/Library/TinyTeX/texmf-dist/fonts/type1/public/lm/lmri7.pfb></
Users/fernandoair/Library/TinyTeX/texmf-dist/fonts/type1/public/lm/lmri8.pfb></
Users/fernandoair/Library/TinyTeX/texmf-dist/fonts/type1/public/lm/lmsy10.pfb><
/Users/fernandoair/Library/TinyTeX/texmf-dist/fonts/type1/public/lm/lmsy5.pfb><
/Users/fernandoair/Library/TinyTeX/texmf-dist/fonts/type1/public/lm/lmsy6.pfb><
/Users/fernandoair/Library/TinyTeX/texmf-dist/fonts/type1/public/lm/lmsy7.pfb><
/Users/fernandoair/Library/TinyTeX/texmf-dist/fonts/type1/public/lm/lmtk10.pfb>
</Users/fernandoair/Library/TinyTeX/texmf-dist/fonts/type1/public/lm/lmtt10.pfb
></Users/fernandoair/Library/TinyTeX/texmf-dist/fonts/type1/public/lm/lmtt8.pfb
>
Output written on Environmental-Correlates-of-COVID19-Spain.pdf (25 pages, 3362
061 bytes).
PDF statistics:
 528 PDF objects out of 1000 (max. 8388607)
 426 compressed objects within 5 object streams
 127 named destinations out of 1000 (max. 500000)
 175 words of extra memory for PDF output out of 10000 (max. 10000000)

